<?xml version="1.0" encoding="UTF-8"?>
<testng-results ignored="0" total="1" passed="1" failed="0" skipped="0">
  <reporter-output>
  </reporter-output>
  <suite started-at="2022-07-05T16:51:25 IST" name="Default suite" finished-at="2022-07-05T16:51:35 IST" duration-ms="10239">
    <groups>
    </groups>
    <test started-at="2022-07-05T16:51:25 IST" name="Default test" finished-at="2022-07-05T16:51:35 IST" duration-ms="10239">
      <class name="Testing.Test2">
        <test-method signature="check()[pri:1, instance:Testing.Test2@515aebb0]" started-at="2022-07-05T16:51:25 IST" name="check" finished-at="2022-07-05T16:51:35 IST" duration-ms="10118" status="PASS">
          <reporter-output>
          </reporter-output>
        </test-method> <!-- check -->
      </class> <!-- Testing.Test2 -->
    </test> <!-- Default test -->
  </suite> <!-- Default suite -->
</testng-results>
